make --dry-run --always-make --keep-going --print-directory
make: Entering directory '/home/brs/wasmcloud_tests/distributed-model-registry'
for dir in actors; do \
	make -C $dir all REG_SERVER=localhost:5000; \
done
 
make[1]: Entering directory '/home/brs/wasmcloud_tests/distributed-model-registry/actors'
for dir in blobstore ui model_registry api; do \
	make -C $dir all REG_SERVER=localhost:5000; \
done
 
make[2]: Entering directory '/home/brs/wasmcloud_tests/distributed-model-registry/actors/blobstore'
 
cargo build --release
 
mkdir -p build/
wash claims sign target/wasm32-unknown-unknown/release/blobstore.wasm \
	 -c wasmcloud:builtin:logging   -c wasmcloud:blobstore  \
	--name "blobstore" --ver 0.1.0 --rev 0 \
	 \
	--destination build/blobstore_s.wasm
make[2]: Leaving directory '/home/brs/wasmcloud_tests/distributed-model-registry/actors/blobstore'
make[2]: Entering directory '/home/brs/wasmcloud_tests/distributed-model-registry/actors/ui'
 
cargo build --release
 
mkdir -p build/
wash claims sign target/wasm32-unknown-unknown/release/ui.wasm \
	 -c wasmcloud:httpserver   -c wasmcloud:builtin:logging  \
	--name "ui" --ver 0.1.0 --rev 0 \
	 \
	--destination build/ui_s.wasm
make[2]: Leaving directory '/home/brs/wasmcloud_tests/distributed-model-registry/actors/ui'
 
make[2]: Entering directory '/home/brs/wasmcloud_tests/distributed-model-registry/actors'
make[2]: Leaving directory '/home/brs/wasmcloud_tests/distributed-model-registry/actors'
 
make[2]: *** model_registry: No such file or directory.  Stop.

make[2]: Entering directory '/home/brs/wasmcloud_tests/distributed-model-registry/actors/api'
 
cargo build --release
 
mkdir -p build/
wash claims sign target/wasm32-unknown-unknown/release/api.wasm \
	 -c wasmcloud:httpserver   -c wasmcloud:builtin:logging  \
	--name "api" --ver 0.1.0 --rev 0 \
	 \
	--destination build/api_s.wasm
make[2]: Leaving directory '/home/brs/wasmcloud_tests/distributed-model-registry/actors/api'
 
make[1]: Leaving directory '/home/brs/wasmcloud_tests/distributed-model-registry/actors'
 
make: Leaving directory '/home/brs/wasmcloud_tests/distributed-model-registry'
 
